dodgy-bat-android/proguard/seeds.txt
com.af.dodgybat.DodgyBatActivity
com.af.dodgybat.DodgyBatActivity: DodgyBatActivity()
...
com.badlogic.gdx.assets.loaders.TextureAtlasLoader
com.badlogic.gdx.assets.loaders.TextureAtlasLoader$TextureAtlasParameter
com.badlogic.gdx.assets.loaders.TextureLoader
com.badlogic.gdx.assets.loaders.TextureLoader$TextureLoaderInfo
com.badlogic.gdx.assets.loaders.TextureLoader$TextureParameter
com.badlogic.gdx.assets.loaders.resolvers.ExternalFileHandleResolver
com.badlogic.gdx.assets.loaders.resolvers.InternalFileHandleResolver
com.badlogic.gdx.assets.loaders.resolvers.ResolutionFileResolver
com.badlogic.gdx.assets.loaders.resolvers.ResolutionFileResolver$Resolution
com.badlogic.gdx.audio.AudioDevice
com.badlogic.gdx.audio.AudioRecorder
com.badlogic.gdx.audio.Music
com.badlogic.gdx.audio.Music$OnCompletionListener
com.badlogic.gdx.audio.Sound
com.badlogic.gdx.backends.android.AndroidApplication
com.badlogic.gdx.backends.android.AndroidApplication: AndroidApplication()
com.badlogic.gdx.backends.android.AndroidApplication$1
com.badlogic.gdx.backends.android.AndroidApplicationConfiguration
com.badlogic.gdx.backends.android.AndroidAudio
com.badlogic.gdx.backends.android.AndroidAudioDevice
com.badlogic.gdx.backends.android.AndroidAudioRecorder
com.badlogic.gdx.backends.android.AndroidClipboard
com.badlogic.gdx.backends.android.AndroidDaydream
com.badlogic.gdx.backends.android.AndroidDaydream$1
com.badlogic.gdx.backends.android.AndroidFileHandle
com.badlogic.gdx.backends.android.AndroidFiles
com.badlogic.gdx.backends.android.AndroidGL10
com.badlogic.gdx.backends.android.AndroidGL11
com.badlogic.gdx.backends.android.AndroidGL20
com.badlogic.gdx.backends.android.AndroidGraphics
com.badlogic.gdx.backends.android.AndroidGraphics$1
com.badlogic.gdx.backends.android.AndroidGraphics$1$1
com.badlogic.gdx.backends.android.AndroidGraphics$AndroidDisplayMode
com.badlogic.gdx.backends.android.AndroidGraphicsDaydream
com.badlogic.gdx.backends.android.AndroidGraphicsDaydream$1
com.badlogic.gdx.backends.android.AndroidGraphicsDaydream$AndroidDisplayMode
com.badlogic.gdx.backends.android.AndroidGraphicsLiveWallpaper
com.badlogic.gdx.backends.android.AndroidGraphicsLiveWallpaper$1
com.badlogic.gdx.backends.android.AndroidGraphicsLiveWallpaper$2
com.badlogic.gdx.backends.android.AndroidGraphicsLiveWallpaper$3
com.badlogic.gdx.backends.android.AndroidGraphicsLiveWallpaper$AndroidDisplayMode
com.badlogic.gdx.backends.android.AndroidInput
com.badlogic.gdx.backends.android.AndroidInput$1
com.badlogic.gdx.backends.android.AndroidInput$2
com.badlogic.gdx.backends.android.AndroidInput$3
com.badlogic.gdx.backends.android.AndroidInput$3$1
com.badlogic.gdx.backends.android.AndroidInput$3$1$1
com.badlogic.gdx.backends.android.AndroidInput$3$2
com.badlogic.gdx.backends.android.AndroidInput$3$2$1
com.badlogic.gdx.backends.android.AndroidInput$3$3
com.badlogic.gdx.backends.android.AndroidInput$3$3$1
com.badlogic.gdx.backends.android.AndroidInput$4
com.badlogic.gdx.backends.android.AndroidInput$4$1
com.badlogic.gdx.backends.android.AndroidInput$4$1$1
com.badlogic.gdx.backends.android.AndroidInput$4$2
com.badlogic.gdx.backends.android.AndroidInput$4$2$1
com.badlogic.gdx.backends.android.AndroidInput$5
com.badlogic.gdx.backends.android.AndroidInput$KeyEvent
com.badlogic.gdx.backends.android.AndroidInput$SensorListener
com.badlogic.gdx.backends.android.AndroidInput$TouchEvent
com.badlogic.gdx.backends.android.AndroidInputFactory
com.badlogic.gdx.backends.android.AndroidInputThreePlus
com.badlogic.gdx.backends.android.AndroidLiveWallpaper
com.badlogic.gdx.backends.android.AndroidLiveWallpaperService
com.badlogic.gdx.backends.android.AndroidLiveWallpaperService$AndroidWallpaperEngine
com.badlogic.gdx.backends.android.AndroidLiveWallpaperService$AndroidWallpaperEngine$1
com.badlogic.gdx.backends.android.AndroidLiveWallpaperService$AndroidWallpaperEngine$2
com.badlogic.gdx.backends.android.AndroidMultiTouchHandler
com.badlogic.gdx.backends.android.AndroidMusic
com.badlogic.gdx.backends.android.AndroidMusic$AndroidOnCompletionListener