dodgy-bat-android/proguard/mapping.txt
com.af.dodgybat.DodgyBat -> com.af.dodgybat.a:
    int SCREEN_WIDTH -> a
    int SCREEN_HEIGHT -> b
    com.badlogic.gdx.Preferences PREFS -> c
    com.af.dodgybat.screens.FlapSplashScreen sp -> i
    com.af.dodgybat.screens.FlapMenuScreen menu -> d
    com.af.dodgybat.screens.FlapPlayScreen play -> e
    com.af.dodgybat.screens.FlapReadyScreen ready -> f
    com.af.dodgybat.screens.FlapScoreScreen score -> g
    com.af.dodgybat.screens.FlapAboutScreen about -> h
    com.af.dodgybat.utils.SocialNetworkSharer sharer -> j
    void create() -> a
    void dispose() -> b
com.af.dodgybat.DodgyBatActivity -> com.af.dodgybat.DodgyBatActivity:
    void onCreate(android.os.Bundle) -> onCreate
    void shareOnSocialNetworks(java.lang.String) -> a
com.af.dodgybat.DodgyBatActivity$1 -> com.af.dodgybat.b:
    com.af.dodgybat.DodgyBatActivity this$0 -> a
    java.lang.String val$appname -> b
    com.af.dodgybat.DodgyBatActivity val$me -> c
    void run() -> run
com.af.dodgybat.DodgyBatActivity$1$1 -> com.af.dodgybat.c:
    void onClick(android.content.DialogInterface,int) -> onClick
com.af.dodgybat.model.Bat -> com.af.dodgybat.a.a:
    float SIZE -> a
    float animTime -> b
    com.badlogic.gdx.math.Vector2 GRAVITY -> c
    com.badlogic.gdx.math.Vector2 DOUB_JUMP_ACC -> d
    com.badlogic.gdx.math.Vector2 position -> e
    com.badlogic.gdx.math.Vector2 velocity -> f
    com.badlogic.gdx.math.Rectangle bounds -> g
    com.af.dodgybat.model.Bat$State state -> h
    float Distance -> i
    boolean DoubleTap -> j
    com.badlogic.gdx.math.Vector2 getPosition() -> a
    com.badlogic.gdx.math.Rectangle getBounds() -> b
    com.badlogic.gdx.math.Vector2 getVelocity() -> c
    com.af.dodgybat.model.Bat$State getState() -> d
    void setState(com.af.dodgybat.model.Bat$State) -> a
    float getAnimTime() -> e
    void setDistance(float) -> a
    void setDoubleTap(boolean) -> a
    void update(float) -> b
com.af.dodgybat.model.Bat$State -> com.af.dodgybat.a.b:
    com.af.dodgybat.model.Bat$State FLYING -> a
    com.af.dodgybat.model.Bat$State FALLING -> b
    com.af.dodgybat.model.Bat$State DYING -> c
    com.af.dodgybat.model.Bat$State DEAD -> d
    com.af.dodgybat.model.Bat$State IDLE -> e
com.af.dodgybat.model.Pipe -> com.af.dodgybat.a.c:
    com.badlogic.gdx.math.Rectangle bounds -> a
    com.badlogic.gdx.math.Vector2 position -> b
    com.badlogic.gdx.math.Vector2 VELOCITY -> c
    com.badlogic.gdx.math.Rectangle getBounds() -> a
    com.badlogic.gdx.math.Vector2 getPosition() -> b
    void update(float) -> a
com.af.dodgybat.model.World -> com.af.dodgybat.a.d:
    java.util.LinkedList pipes -> a
    com.af.dodgybat.model.Bat meow -> b
    com.af.dodgybat.sound.SoundEffects sfx -> c
    float[] pipeHeights -> d
    java.util.Random randomHindex -> e
    java.util.LinkedList getPipes() -> a
    com.af.dodgybat.model.Bat getCat() -> b
    com.af.dodgybat.sound.SoundEffects getSFX() -> c
    void addNewPipe() -> d
com.af.dodgybat.screens.FlapAboutScreen -> com.af.dodgybat.b.a:
    com.badlogic.gdx.graphics.g2d.TextureRegion info -> a
    com.badlogic.gdx.graphics.g2d.SpriteBatch sprite -> b
    com.af.dodgybat.DodgyBat game -> c
    com.badlogic.gdx.graphics.g2d.TextureRegion af -> d
    boolean keyDown(int) -> a
    boolean keyUp(int) -> b
    boolean keyTyped(char) -> a
    boolean touchDown(int,int,int,int) -> a
    boolean touchUp(int,int,int,int) -> b
    boolean touchDragged(int,int,int) -> a
    void render(float) -> a
    void resize$255f295() -> a
    void show() -> b
    void hide() -> c
    void pause() -> d
    void resume() -> e
...
com.badlogic.gdx.scenes.scene2d.InputListener$1 -> com.badlogic.gdx.scenes.scene2d.InputListener$1:
    int[] $SwitchMap$com$badlogic$gdx$scenes$scene2d$InputEvent$Type -> a
com.badlogic.gdx.scenes.scene2d.Stage -> com.badlogic.gdx.scenes.scene2d.Stage:
    com.badlogic.gdx.math.Vector2 actorCoords -> a
    com.badlogic.gdx.math.Vector3 cameraCoords -> b
    float viewportX -> c
    float viewportY -> d
    float viewportWidth -> e
    float viewportHeight -> f
    float width -> g
    float height -> h
    float centerX -> i
    float centerY -> j
    com.badlogic.gdx.graphics.Camera camera -> k
    com.badlogic.gdx.graphics.g2d.SpriteBatch batch -> l
    boolean ownsBatch -> m
    com.badlogic.gdx.scenes.scene2d.Group root -> n
    com.badlogic.gdx.math.Vector2 stageCoords -> o
    boolean[] pointerTouched -> p
    int[] pointerScreenX -> q
    int[] pointerScreenY -> r
    com.badlogic.gdx.scenes.scene2d.Actor keyboardFocus -> s
    com.badlogic.gdx.scenes.scene2d.Actor scrollFocus -> t
    com.badlogic.gdx.utils.SnapshotArray touchFocuses -> u
    boolean touchDown(int,int,int,int) -> a
    boolean touchDragged(int,int,int) -> a
    boolean touchUp(int,int,int,int) -> b
    boolean keyDown(int) -> a
    boolean keyUp(int) -> b
    boolean keyTyped(char) -> a
    void addTouchFocus(com.badlogic.gdx.scenes.scene2d.EventListener,com.badlogic.gdx.scenes.scene2d.Actor,com.badlogic.gdx.scenes.scene2d.Actor,int,int) -> a
    void cancelTouchFocus(com.badlogic.gdx.scenes.scene2d.EventListener,com.badlogic.gdx.scenes.scene2d.Actor) -> a
    void addActor(com.badlogic.gdx.scenes.scene2d.Actor) -> a
com.badlogic.gdx.scenes.scene2d.Stage$TouchFocus -> com.badlogic.gdx.scenes.scene2d.Stage$TouchFocus:
    com.badlogic.gdx.scenes.scene2d.EventListener listener -> a
    com.badlogic.gdx.scenes.scene2d.Actor listenerActor -> b
    com.badlogic.gdx.scenes.scene2d.Actor target -> c
    int pointer -> d
    int button -> e
    void reset() -> a
com.badlogic.gdx.scenes.scene2d.Touchable -> com.badlogic.gdx.scenes.scene2d.Touchable:
    com.badlogic.gdx.scenes.scene2d.Touchable enabled -> a
    com.badlogic.gdx.scenes.scene2d.Touchable disabled -> b
    com.badlogic.gdx.scenes.scene2d.Touchable childrenOnly -> c
com.badlogic.gdx.scenes.scene2d.actions.Actions -> com.badlogic.gdx.scenes.scene2d.actions.Actions:
    com.badlogic.gdx.scenes.scene2d.Action action(java.lang.Class) -> a
    com.badlogic.gdx.scenes.scene2d.actions.AlphaAction fadeOut(float,com.badlogic.gdx.math.Interpolation) -> a
    com.badlogic.gdx.scenes.scene2d.actions.AlphaAction fadeIn(float,com.badlogic.gdx.math.Interpolation) -> b
    com.badlogic.gdx.scenes.scene2d.actions.RemoveActorAction removeActor() -> a
    com.badlogic.gdx.scenes.scene2d.actions.SequenceAction sequence(com.badlogic.gdx.scenes.scene2d.Action,com.badlogic.gdx.scenes.scene2d.Action) -> a
    com.badlogic.gdx.scenes.scene2d.actions.SequenceAction sequence(com.badlogic.gdx.scenes.scene2d.Action,com.badlogic.gdx.scenes.scene2d.Action,com.badlogic.gdx.scenes.scene2d.Action) -> a
    com.badlogic.gdx.scenes.scene2d.actions.RemoveListenerAction removeListener(com.badlogic.gdx.scenes.scene2d.EventListener,boolean) -> a
com.badlogic.gdx.scenes.scene2d.actions.AddAction -> com.badlogic.gdx.scenes.scene2d.actions.AddAction:
    com.badlogic.gdx.scenes.scene2d.Action action -> b
    void restart() -> b
    void reset() -> a
com.badlogic.gdx.scenes.scene2d.actions.AddListenerAction -> com.badlogic.gdx.scenes.scene2d.actions.AddListenerAction:
    void reset() -> a
com.badlogic.gdx.scenes.scene2d.actions.AfterAction -> com.badlogic.gdx.scenes.scene2d.actions.AfterAction:
    com.badlogic.gdx.utils.Array waitForActions -> b
    void setActor(com.badlogic.gdx.scenes.scene2d.Actor) -> a
    void restart() -> b
com.badlogic.gdx.scenes.scene2d.actions.AlphaAction -> com.badlogic.gdx.scenes.scene2d.actions.AlphaAction:
    void reset() -> a
    void setAlpha(float) -> a