dodgy-bat-android/proguard/usage.txt
com.af.dodgybat.BuildConfig
com.af.dodgybat.R
com.af.dodgybat.R$attr
com.af.dodgybat.R$dimen
com.af.dodgybat.R$drawable
com.af.dodgybat.R$id
com.af.dodgybat.R$layout
com.af.dodgybat.R$menu
com.af.dodgybat.R$string
com.af.dodgybat.R$style
com.af.dodgybat.model.Bat:
    25:26:public void setVelocity(com.badlogic.gdx.math.Vector2)
    37:38:public void setPosition(com.badlogic.gdx.math.Vector2)
    41:42:public void setBounds(com.badlogic.gdx.math.Rectangle)
    65:65:public float getDistance()
    76:76:public boolean isDoubleTap()
com.af.dodgybat.model.Bat$State:
    1:1:public static com.af.dodgybat.model.Bat$State[] values()
    1:1:public static com.af.dodgybat.model.Bat$State valueOf(java.lang.String)
com.af.dodgybat.model.Block
com.af.dodgybat.model.Pipe:
    26:27:public void setPosition(com.badlogic.gdx.math.Vector2)
com.af.dodgybat.screens.FlapAboutScreen:
    67:67:public boolean mouseMoved(int,int)
    72:72:public boolean scrolled(int)
com.af.dodgybat.screens.FlapMenuScreen:
    79:79:public boolean mouseMoved(int,int)
    84:84:public boolean scrolled(int)
com.af.dodgybat.screens.FlapPlayScreen:
    56:57:public void reinit()
    76:77:public void dispose()
    143:143:public boolean mouseMoved(int,int)
    149:149:public boolean scrolled(int)
com.af.dodgybat.screens.FlapReadyScreen:
    63:63:public boolean mouseMoved(int,int)
    68:68:public boolean scrolled(int)
com.af.dodgybat.screens.FlapScoreScreen:
    103:103:public boolean mouseMoved(int,int)
    108:108:public boolean scrolled(int)
com.af.dodgybat.screens.FlapSplashScreen:
    79:79:public void dispose()
com.af.dodgybat.sound.SoundEffects:
    35:38:public void destroySounds()
com.af.dodgybat.utils.AtMaker
com.af.dodgybat.utils.FlapAssetManager:
    8:8:public FlapAssetManager()
com.af.dodgybat.view.WorldRenderer:
    private static final float FRAME_DURATION
    108:110:public void dispose()
com.af.dodgybat.view.WorldRenderer$Mode:
    1:1:public static com.af.dodgybat.view.WorldRenderer$Mode[] values()
    1:1:public static com.af.dodgybat.view.WorldRenderer$Mode valueOf(java.lang.String)
...
android.support.v4.widget.SearchViewCompat$SearchViewCompatHoneycombImpl$1
android.support.v4.widget.SearchViewCompat$SearchViewCompatHoneycombImpl$2
android.support.v4.widget.SearchViewCompat$SearchViewCompatIcsImpl
android.support.v4.widget.SearchViewCompat$SearchViewCompatImpl
android.support.v4.widget.SearchViewCompat$SearchViewCompatStubImpl
android.support.v4.widget.SearchViewCompatHoneycomb
android.support.v4.widget.SearchViewCompatHoneycomb$1
android.support.v4.widget.SearchViewCompatHoneycomb$2
android.support.v4.widget.SearchViewCompatHoneycomb$OnCloseListenerCompatBridge
android.support.v4.widget.SearchViewCompatHoneycomb$OnQueryTextListenerCompatBridge
android.support.v4.widget.SearchViewCompatIcs
android.support.v4.widget.SearchViewCompatIcs$MySearchView
android.support.v4.widget.SimpleCursorAdapter
android.support.v4.widget.SimpleCursorAdapter$CursorToStringConverter
android.support.v4.widget.SimpleCursorAdapter$ViewBinder
android.support.v4.widget.SlidingPaneLayout
android.support.v4.widget.SlidingPaneLayout$1
android.support.v4.widget.SlidingPaneLayout$AccessibilityDelegate
android.support.v4.widget.SlidingPaneLayout$DisableLayerRunnable
android.support.v4.widget.SlidingPaneLayout$DragHelperCallback
android.support.v4.widget.SlidingPaneLayout$LayoutParams
android.support.v4.widget.SlidingPaneLayout$PanelSlideListener
android.support.v4.widget.SlidingPaneLayout$SavedState
android.support.v4.widget.SlidingPaneLayout$SavedState$1
android.support.v4.widget.SlidingPaneLayout$SimplePanelSlideListener
android.support.v4.widget.SlidingPaneLayout$SlidingPanelLayoutImpl
android.support.v4.widget.SlidingPaneLayout$SlidingPanelLayoutImplBase
android.support.v4.widget.SlidingPaneLayout$SlidingPanelLayoutImplJB
android.support.v4.widget.SlidingPaneLayout$SlidingPanelLayoutImplJBMR1
android.support.v4.widget.ViewDragHelper
android.support.v4.widget.ViewDragHelper$1
android.support.v4.widget.ViewDragHelper$2
android.support.v4.widget.ViewDragHelper$Callback
com.badlogic.gdx.Application:
    public static final int LOG_NONE
    public static final int LOG_DEBUG
    public static final int LOG_INFO
    public static final int LOG_ERROR
    public abstract com.badlogic.gdx.ApplicationListener getApplicationListener()
    public abstract com.badlogic.gdx.Audio getAudio()
    public abstract com.badlogic.gdx.Input getInput()
    public abstract com.badlogic.gdx.Files getFiles()
    public abstract com.badlogic.gdx.Net getNet()
    public abstract void log(java.lang.String,java.lang.String,java.lang.Exception)
    public abstract void error(java.lang.String,java.lang.String)
    public abstract void debug(java.lang.String,java.lang.String,java.lang.Throwable)
    public abstract void setLogLevel(int)
    public abstract int getVersion()
    public abstract long getJavaHeap()
    public abstract long getNativeHeap()
    public abstract com.badlogic.gdx.utils.Clipboard getClipboard()
    public abstract void exit()
    public abstract void addLifecycleListener(com.badlogic.gdx.LifecycleListener)
    public abstract void removeLifecycleListener(com.badlogic.gdx.LifecycleListener)
com.badlogic.gdx.Application$ApplicationType:
    101:101:public static com.badlogic.gdx.Application$ApplicationType[] values()
    101:101:public static com.badlogic.gdx.Application$ApplicationType valueOf(java.lang.String)
com.badlogic.gdx.ApplicationAdapter:
    24:24:public void create()
    28:28:public void resize(int,int)
    32:32:public void render()
    36:36:public void pause()
    40:40:public void resume()
    44:44:public void dispose()
com.badlogic.gdx.Audio:
    public abstract com.badlogic.gdx.audio.AudioDevice newAudioDevice(int,boolean)
    public abstract com.badlogic.gdx.audio.AudioRecorder newAudioRecorder(int,boolean)